#
# There is insufficient memory for the Java Runtime Environment to continue.
# Native memory allocation (malloc) failed to allocate 1006896 bytes for Chunk::new
# Possible reasons:
#   The system is out of physical RAM or swap space
#   The process is running with CompressedOops enabled, and the Java Heap may be blocking the growth of the native heap
# Possible solutions:
#   Reduce memory load on the system
#   Increase physical memory or swap space
#   Check if swap backing store is full
#   Decrease Java heap size (-Xmx/-Xms)
#   Decrease number of Java threads
#   Decrease Java thread stack sizes (-Xss)
#   Set larger code cache with -XX:ReservedCodeCacheSize=
#   JVM is running with Unscaled Compressed Oops mode in which the Java heap is
#     placed in the first 4GB address space. The Java Heap base address is the
#     maximum limit for the native heap growth. Please use -XX:HeapBaseMinAddress
#     to set the Java Heap base and to place the Java Heap above 4GB virtual address.
# This output file may be truncated or incomplete.
#
#  Out of Memory Error (allocation.cpp:389), pid=16936, tid=0x0000000000000864
#
# JRE version: Java(TM) SE Runtime Environment (8.0_221-b11) (build 1.8.0_221-b11)
# Java VM: Java HotSpot(TM) 64-Bit Server VM (25.221-b11 mixed mode windows-amd64 compressed oops)
# Failed to write core dump. Minidumps are not enabled by default on client versions of Windows
#

---------------  T H R E A D  ---------------

Current thread (0x0000000017512800):  JavaThread "C2 CompilerThread0" daemon [_thread_in_native, id=2148, stack(0x0000000018b60000,0x0000000018c60000)]

Stack: [0x0000000018b60000,0x0000000018c60000]
[error occurred during error reporting (printing stack bounds), id 0xc0000005]

Native frames: (J=compiled Java code, j=interpreted, Vv=VM code, C=native code)


Current CompileTask:
C2:   1401  667 %     4       com.sun.tools.javac.file.ZipFileIndex$ZipDirectory::readEntry @ 102 (587 bytes)


---------------  P R O C E S S  ---------------

Java Threads: ( => current thread )
  0x000000001756e000 JavaThread "Service Thread" daemon [_thread_blocked, id=12840, stack(0x0000000019260000,0x0000000019360000)]
  0x000000001751d000 JavaThread "C1 CompilerThread2" daemon [_thread_blocked, id=280, stack(0x0000000018d60000,0x0000000018e60000)]
  0x0000000017515800 JavaThread "C2 CompilerThread1" daemon [_thread_blocked, id=8288, stack(0x0000000018c60000,0x0000000018d60000)]
=>0x0000000017512800 JavaThread "C2 CompilerThread0" daemon [_thread_in_native, id=2148, stack(0x0000000018b60000,0x0000000018c60000)]
  0x0000000017510800 JavaThread "Attach Listener" daemon [_thread_blocked, id=17580, stack(0x0000000018a60000,0x0000000018b60000)]
  0x000000001750d800 JavaThread "Signal Dispatcher" daemon [_thread_blocked, id=5152, stack(0x0000000018960000,0x0000000018a60000)]
  0x00000000174fb000 JavaThread "Finalizer" daemon [_thread_blocked, id=17872, stack(0x0000000018760000,0x0000000018860000)]
  0x00000000029d6800 JavaThread "Reference Handler" daemon [_thread_blocked, id=18392, stack(0x0000000018660000,0x0000000018760000)]
  0x00000000028e4000 JavaThread "main" [_thread_blocked, id=6116, stack(0x00000000027e0000,0x00000000028e0000)]

Other Threads:
  0x00000000174d7800 VMThread [stack: 0x0000000018560000,0x0000000018660000] [id=17688]
  0x0000000018ebe800 WatcherThread [stack: 0x0000000019360000,0x0000000019460000] [id=1536]

VM state:at safepoint (normal execution)

VM Mutex/Monitor currently owned by a thread:  ([mutex/lock_event])
[0x00000000028e0e50] Threads_lock - owner thread: 0x00000000174d7800
[0x00000000028e0950] Heap_lock - owner thread: 0x00000000028e4000

heap address: 0x0000000081c00000, size: 2020 MB, Compressed Oops mode: 32-bit
Narrow klass base: 0x0000000000000000, Narrow klass shift: 3
Compressed class space size: 1073741824 Address: 0x0000000100000000

Heap:
 PSYoungGen      total 13824K, used 13301K [0x00000000d5f00000, 0x00000000d7e00000, 0x0000000100000000)
  eden space 11264K, 100% used [0x00000000d5f00000,0x00000000d6a00000,0x00000000d6a00000)
  from space 2560K, 79% used [0x00000000d6a00000,0x00000000d6bfd600,0x00000000d6c80000)
  to   space 4608K, 0% used [0x00000000d7980000,0x00000000d7980000,0x00000000d7e00000)
 ParOldGen       total 6656K, used 6289K [0x0000000081c00000, 0x0000000082280000, 0x00000000d5f00000)
  object space 6656K, 94% used [0x0000000081c00000,0x0000000082224750,0x0000000082280000)
 Metaspace       used 7751K, capacity 8564K, committed 8704K, reserved 1056768K
  class space    used 904K, capacity 944K, committed 1024K, reserved 1048576K

Card table byte_map: [0x0000000011da0000,0x00000000121a0000] byte_map_base: 0x0000000011992000

Marking Bits: (ParMarkBitMap*) 0x00000000638c5ce0
 Begin Bits: [0x0000000012850000, 0x00000000147e0000)
 End Bits:   [0x00000000147e0000, 0x0000000016770000)

Polling page: 0x00000000009d0000

CodeCache: size=245760Kb used=3645Kb max_used=3645Kb free=242115Kb
 bounds [0x00000000029e0000, 0x0000000002d80000, 0x00000000119e0000]
 total_blobs=1097 nmethods=809 adapters=201
 compilation: enabled

Compilation events (10 events):
Event: 1.386 Thread 0x000000001751d000  836       2       com.sun.tools.javac.jvm.ClassReader::getChar (28 bytes)
Event: 1.386 Thread 0x000000001751d000 nmethod 836 0x0000000002d6cb90 code [0x0000000002d6cce0, 0x0000000002d6ce90]
Event: 1.386 Thread 0x000000001751d000  834       2       com.sun.tools.javac.jvm.ClassReader::enterMember (41 bytes)
Event: 1.386 Thread 0x000000001751d000 nmethod 834 0x0000000002d6cf90 code [0x0000000002d6d120, 0x0000000002d6d428]
Event: 1.387 Thread 0x000000001751d000  837       1       com.sun.tools.javac.code.Type::isPrimitive (2 bytes)
Event: 1.387 Thread 0x000000001751d000 nmethod 837 0x0000000002d6d6d0 code [0x0000000002d6d820, 0x0000000002d6d930]
Event: 1.387 Thread 0x000000001751d000  838   !   2       com.sun.tools.javac.jvm.ClassReader::readMethod (365 bytes)
Event: 1.390 Thread 0x000000001751d000 nmethod 838 0x0000000002d6d990 code [0x0000000002d6dca0, 0x0000000002d6eb28]
Event: 1.391 Thread 0x000000001751d000  839       3       com.sun.tools.javac.util.List::prependList (87 bytes)
Event: 1.392 Thread 0x000000001751d000 nmethod 839 0x0000000002d6f8d0 code [0x0000000002d6fb00, 0x0000000002d70798]

GC Heap History (10 events):
Event: 0.431 GC heap before
{Heap before GC invocations=4 (full 0):
 PSYoungGen      total 3584K, used 3567K [0x00000000d5f00000, 0x00000000d6600000, 0x0000000100000000)
  eden space 3072K, 100% used [0x00000000d5f00000,0x00000000d6200000,0x00000000d6200000)
  from space 512K, 96% used [0x00000000d6200000,0x00000000d627bc20,0x00000000d6280000)
  to   space 512K, 0% used [0x00000000d6580000,0x00000000d6580000,0x00000000d6600000)
 ParOldGen       total 5632K, used 624K [0x0000000081c00000, 0x0000000082180000, 0x00000000d5f00000)
  object space 5632K, 11% used [0x0000000081c00000,0x0000000081c9c040,0x0000000082180000)
 Metaspace       used 6067K, capacity 7276K, committed 7552K, reserved 1056768K
  class space    used 760K, capacity 808K, committed 896K, reserved 1048576K
Event: 0.432 GC heap after
Heap after GC invocations=4 (full 0):
 PSYoungGen      total 6656K, used 512K [0x00000000d5f00000, 0x00000000d6600000, 0x0000000100000000)
  eden space 6144K, 0% used [0x00000000d5f00000,0x00000000d5f00000,0x00000000d6500000)
  from space 512K, 100% used [0x00000000d6580000,0x00000000d6600000,0x00000000d6600000)
  to   space 512K, 0% used [0x00000000d6500000,0x00000000d6500000,0x00000000d6580000)
 ParOldGen       total 5632K, used 901K [0x0000000081c00000, 0x0000000082180000, 0x00000000d5f00000)
  object space 5632K, 16% used [0x0000000081c00000,0x0000000081ce1600,0x0000000082180000)
 Metaspace       used 6067K, capacity 7276K, committed 7552K, reserved 1056768K
  class space    used 760K, capacity 808K, committed 896K, reserved 1048576K
}
Event: 0.567 GC heap before
{Heap before GC invocations=5 (full 0):
 PSYoungGen      total 6656K, used 6656K [0x00000000d5f00000, 0x00000000d6600000, 0x0000000100000000)
  eden space 6144K, 100% used [0x00000000d5f00000,0x00000000d6500000,0x00000000d6500000)
  from space 512K, 100% used [0x00000000d6580000,0x00000000d6600000,0x00000000d6600000)
  to   space 512K, 0% used [0x00000000d6500000,0x00000000d6500000,0x00000000d6580000)
 ParOldGen       total 5632K, used 901K [0x0000000081c00000, 0x0000000082180000, 0x00000000d5f00000)
  object space 5632K, 16% used [0x0000000081c00000,0x0000000081ce1600,0x0000000082180000)
 Metaspace       used 7220K, capacity 8148K, committed 8448K, reserved 1056768K
  class space    used 879K, capacity 912K, committed 1024K, reserved 1048576K
Event: 0.569 GC heap after
Heap after GC invocations=5 (full 0):
 PSYoungGen      total 6656K, used 512K [0x00000000d5f00000, 0x00000000d6e00000, 0x0000000100000000)
  eden space 6144K, 0% used [0x00000000d5f00000,0x00000000d5f00000,0x00000000d6500000)
  from space 512K, 100% used [0x00000000d6500000,0x00000000d6580000,0x00000000d6580000)
  to   space 1536K, 0% used [0x00000000d6c80000,0x00000000d6c80000,0x00000000d6e00000)
 ParOldGen       total 5632K, used 1654K [0x0000000081c00000, 0x0000000082180000, 0x00000000d5f00000)
  object space 5632K, 29% used [0x0000000081c00000,0x0000000081d9db78,0x0000000082180000)
 Metaspace       used 7220K, capacity 8148K, committed 8448K, reserved 1056768K
  class space    used 879K, capacity 912K, committed 1024K, reserved 1048576K
}
Event: 0.726 GC heap before
{Heap before GC invocations=6 (full 0):
 PSYoungGen      total 6656K, used 6656K [0x00000000d5f00000, 0x00000000d6e00000, 0x0000000100000000)
  eden space 6144K, 100% used [0x00000000d5f00000,0x00000000d6500000,0x00000000d6500000)
  from space 512K, 100% used [0x00000000d6500000,0x00000000d6580000,0x00000000d6580000)
  to   space 1536K, 0% used [0x00000000d6c80000,0x00000000d6c80000,0x00000000d6e00000)
 ParOldGen       total 5632K, used 1654K [0x0000000081c00000, 0x0000000082180000, 0x00000000d5f00000)
  object space 5632K, 29% used [0x0000000081c00000,0x0000000081d9db78,0x0000000082180000)
 Metaspace       used 7380K, capacity 8276K, committed 8448K, reserved 1056768K
  class space    used 882K, capacity 912K, committed 1024K, reserved 1048576K
Event: 0.731 GC heap after
Heap after GC invocations=6 (full 0):
 PSYoungGen      total 12800K, used 1520K [0x00000000d5f00000, 0x00000000d7000000, 0x0000000100000000)
  eden space 11264K, 0% used [0x00000000d5f00000,0x00000000d5f00000,0x00000000d6a00000)
  from space 1536K, 98% used [0x00000000d6c80000,0x00000000d6dfc258,0x00000000d6e00000)
  to   space 2560K, 0% used [0x00000000d6a00000,0x00000000d6a00000,0x00000000d6c80000)
 ParOldGen       total 5632K, used 2438K [0x0000000081c00000, 0x0000000082180000, 0x00000000d5f00000)
  object space 5632K, 43% used [0x0000000081c00000,0x0000000081e61b78,0x0000000082180000)
 Metaspace       used 7380K, capacity 8276K, committed 8448K, reserved 1056768K
  class space    used 882K, capacity 912K, committed 1024K, reserved 1048576K
}
Event: 0.959 GC heap before
{Heap before GC invocations=7 (full 0):
 PSYoungGen      total 12800K, used 12784K [0x00000000d5f00000, 0x00000000d7000000, 0x0000000100000000)
  eden space 11264K, 100% used [0x00000000d5f00000,0x00000000d6a00000,0x00000000d6a00000)
  from space 1536K, 98% used [0x00000000d6c80000,0x00000000d6dfc258,0x00000000d6e00000)
  to   space 2560K, 0% used [0x00000000d6a00000,0x00000000d6a00000,0x00000000d6c80000)
 ParOldGen       total 5632K, used 2438K [0x0000000081c00000, 0x0000000082180000, 0x00000000d5f00000)
  object space 5632K, 43% used [0x0000000081c00000,0x0000000081e61b78,0x0000000082180000)
 Metaspace       used 7544K, capacity 8372K, committed 8704K, reserved 1056768K
  class space    used 891K, capacity 944K, committed 1024K, reserved 1048576K
Event: 1.003 GC heap after
Heap after GC invocations=7 (full 0):
 PSYoungGen      total 13824K, used 2551K [0x00000000d5f00000, 0x00000000d7e00000, 0x0000000100000000)
  eden space 11264K, 0% used [0x00000000d5f00000,0x00000000d5f00000,0x00000000d6a00000)
  from space 2560K, 99% used [0x00000000d6a00000,0x00000000d6c7de90,0x00000000d6c80000)
  to   space 4608K, 0% used [0x00000000d7980000,0x00000000d7980000,0x00000000d7e00000)
 ParOldGen       total 6656K, used 6210K [0x0000000081c00000, 0x0000000082280000, 0x00000000d5f00000)
  object space 6656K, 93% used [0x0000000081c00000,0x0000000082210bc0,0x0000000082280000)
 Metaspace       used 7544K, capacity 8372K, committed 8704K, reserved 1056768K
  class space    used 891K, capacity 944K, committed 1024K, reserved 1048576K
}
Event: 1.003 GC heap before
{Heap before GC invocations=8 (full 1):
 PSYoungGen      total 13824K, used 2551K [0x00000000d5f00000, 0x00000000d7e00000, 0x0000000100000000)
  eden space 11264K, 0% used [0x00000000d5f00000,0x00000000d5f00000,0x00000000d6a00000)
  from space 2560K, 99% used [0x00000000d6a00000,0x00000000d6c7de90,0x00000000d6c80000)
  to   space 4608K, 0% used [0x00000000d7980000,0x00000000d7980000,0x00000000d7e00000)
 ParOldGen       total 6656K, used 6210K [0x0000000081c00000, 0x0000000082280000, 0x00000000d5f00000)
  object space 6656K, 93% used [0x0000000081c00000,0x0000000082210bc0,0x0000000082280000)
 Metaspace       used 7544K, capacity 8372K, committed 8704K, reserved 1056768K
  class space    used 891K, capacity 944K, committed 1024K, reserved 1048576K
Event: 1.123 GC heap after
Heap after GC invocations=8 (full 1):
 PSYoungGen      total 13824K, used 2037K [0x00000000d5f00000, 0x00000000d7e00000, 0x0000000100000000)
  eden space 11264K, 0% used [0x00000000d5f00000,0x00000000d5f00000,0x00000000d6a00000)
  from space 2560K, 79% used [0x00000000d6a00000,0x00000000d6bfd600,0x00000000d6c80000)
  to   space 4608K, 0% used [0x00000000d7980000,0x00000000d7980000,0x00000000d7e00000)
 ParOldGen       total 6656K, used 6289K [0x0000000081c00000, 0x0000000082280000, 0x00000000d5f00000)
  object space 6656K, 94% used [0x0000000081c00000,0x0000000082224750,0x0000000082280000)
 Metaspace       used 7544K, capacity 8372K, committed 8704K, reserved 1056768K
  class space    used 891K, capacity 944K, committed 1024K, reserved 1048576K
}

Deoptimization events (9 events):
Event: 0.489 Thread 0x00000000028e4000 Uncommon trap: reason=unstable_if action=reinterpret pc=0x0000000002b617ac method=java.lang.String.replace(CC)Ljava/lang/String; @ 26
Event: 0.501 Thread 0x00000000028e4000 Uncommon trap: reason=unstable_if action=reinterpret pc=0x0000000002b98838 method=java.lang.String.<init>([CII)V @ 18
Event: 0.501 Thread 0x00000000028e4000 Uncommon trap: reason=unstable_if action=reinterpret pc=0x0000000002b193c8 method=java.lang.String.startsWith(Ljava/lang/String;I)Z @ 25
Event: 0.502 Thread 0x00000000028e4000 Uncommon trap: reason=unloaded action=reinterpret pc=0x0000000002b97270 method=sun.misc.URLClassPath$JarLoader.getResource(Ljava/lang/String;Z)Lsun/misc/Resource; @ 67
Event: 0.507 Thread 0x00000000028e4000 Uncommon trap: reason=class_check action=maybe_recompile pc=0x0000000002b80c44 method=sun.misc.URLClassPath.getLoader(I)Lsun/misc/URLClassPath$Loader; @ 94
Event: 0.544 Thread 0x00000000028e4000 Uncommon trap: reason=unstable_if action=reinterpret pc=0x0000000002bcb608 method=com.sun.tools.javac.parser.UnicodeReader.scanChar()V @ 37
Event: 0.547 Thread 0x00000000028e4000 Uncommon trap: reason=unstable_if action=reinterpret pc=0x0000000002bcb198 method=com.sun.tools.javac.parser.UnicodeReader.scanChar()V @ 37
Event: 0.586 Thread 0x00000000028e4000 Uncommon trap: reason=unstable_if action=reinterpret pc=0x0000000002c0e900 method=com.sun.tools.javac.util.Name$Table.equals([BI[BII)Z @ 22
Event: 0.708 Thread 0x00000000028e4000 Uncommon trap: reason=unstable_if action=reinterpret pc=0x0000000002bcacb4 method=com.sun.tools.javac.util.ArrayUtils.ensureCapacity([CI)[C @ 3

Classes redefined (0 events):
No events

Internal exceptions (10 events):
Event: 0.498 Thread 0x00000000028e4000 Exception <a 'java/security/PrivilegedActionException'> (0x00000000d6371eb8) thrown at [C:\re\workspace\8-2-build-windows-amd64-cygwin\jdk8u221\13320\hotspot\src\share\vm\prims\jvm.cpp, line 1502]
Event: 0.498 Thread 0x00000000028e4000 Exception <a 'java/security/PrivilegedActionException'> (0x00000000d63720c8) thrown at [C:\re\workspace\8-2-build-windows-amd64-cygwin\jdk8u221\13320\hotspot\src\share\vm\prims\jvm.cpp, line 1502]
Event: 0.499 Thread 0x00000000028e4000 Exception <a 'java/security/PrivilegedActionException'> (0x00000000d6378ae8) thrown at [C:\re\workspace\8-2-build-windows-amd64-cygwin\jdk8u221\13320\hotspot\src\share\vm\prims\jvm.cpp, line 1502]
Event: 0.499 Thread 0x00000000028e4000 Exception <a 'java/security/PrivilegedActionException'> (0x00000000d6378cf8) thrown at [C:\re\workspace\8-2-build-windows-amd64-cygwin\jdk8u221\13320\hotspot\src\share\vm\prims\jvm.cpp, line 1502]
Event: 0.499 Thread 0x00000000028e4000 Exception <a 'java/security/PrivilegedActionException'> (0x00000000d637a188) thrown at [C:\re\workspace\8-2-build-windows-amd64-cygwin\jdk8u221\13320\hotspot\src\share\vm\prims\jvm.cpp, line 1502]
Event: 0.499 Thread 0x00000000028e4000 Exception <a 'java/security/PrivilegedActionException'> (0x00000000d637a398) thrown at [C:\re\workspace\8-2-build-windows-amd64-cygwin\jdk8u221\13320\hotspot\src\share\vm\prims\jvm.cpp, line 1502]
Event: 0.953 Thread 0x00000000028e4000 Exception <a 'java/io/FileNotFoundException'> (0x00000000d6940108) thrown at [C:\re\workspace\8-2-build-windows-amd64-cygwin\jdk8u221\13320\hotspot\src\share\vm\prims\jni.cpp, line 710]
Event: 0.956 Thread 0x00000000028e4000 Exception <a 'java/io/FileNotFoundException'> (0x00000000d6983488) thrown at [C:\re\workspace\8-2-build-windows-amd64-cygwin\jdk8u221\13320\hotspot\src\share\vm\prims\jni.cpp, line 710]
Event: 1.148 Thread 0x00000000028e4000 Exception <a 'java/io/FileNotFoundException'> (0x00000000d61aaec0) thrown at [C:\re\workspace\8-2-build-windows-amd64-cygwin\jdk8u221\13320\hotspot\src\share\vm\prims\jni.cpp, line 710]
Event: 1.148 Thread 0x00000000028e4000 Exception <a 'java/io/FileNotFoundException'> (0x00000000d61abfe0) thrown at [C:\re\workspace\8-2-build-windows-amd64-cygwin\jdk8u221\13320\hotspot\src\share\vm\prims\jni.cpp, line 710]

Events (10 events):
Event: 1.364 loading class java/io/DataInputStream
Event: 1.364 loading class java/io/DataInputStream done
Event: 1.365 Thread 0x00000000028e4000 DEOPT PACKING pc=0x0000000002d406c9 sp=0x00000000028ddf20
Event: 1.365 Thread 0x00000000028e4000 DEOPT UNPACKING pc=0x0000000002a27890 sp=0x00000000028ddc78 mode 0
Event: 1.366 Thread 0x00000000028e4000 DEOPT PACKING pc=0x0000000002d406c9 sp=0x00000000028ddf20
Event: 1.366 Thread 0x00000000028e4000 DEOPT UNPACKING pc=0x0000000002a27890 sp=0x00000000028ddc78 mode 0
Event: 1.384 loading class com/sun/tools/javac/code/Scope$1
Event: 1.384 loading class com/sun/tools/javac/code/Scope$1 done
Event: 1.392 Thread 0x00000000028e4000 DEOPT PACKING pc=0x0000000002d3f46a sp=0x00000000028ddf70
Event: 1.392 Thread 0x00000000028e4000 DEOPT UNPACKING pc=0x0000000002a27890 sp=0x00000000028ddcf8 mode 0


Dynamic libraries:
0x00007ff605b90000 - 0x00007ff605b97000 	C:\Program Files\Java\jdk1.8.0_221\bin\javac.exe
0x00007ff8f5d20000 - 0x00007ff8f5f10000 	C:\WINDOWS\SYSTEM32\ntdll.dll
0x00007ff8f4980000 - 0x00007ff8f4a32000 	C:\WINDOWS\System32\KERNEL32.DLL
0x00007ff8f2f90000 - 0x00007ff8f3234000 	C:\WINDOWS\System32\KERNELBASE.dll
0x00007ff8e3d60000 - 0x00007ff8e3d8f000 	C:\Program Files\Java\jdk1.8.0_221\bin\jli.dll
0x0000000062eb0000 - 0x0000000062f82000 	C:\Program Files\Java\jdk1.8.0_221\bin\MSVCR100.dll
0x00007ff8f59c0000 - 0x00007ff8f5a63000 	C:\WINDOWS\System32\ADVAPI32.dll
0x00007ff8f5020000 - 0x00007ff8f50be000 	C:\WINDOWS\System32\msvcrt.dll
0x00007ff8f5aa0000 - 0x00007ff8f5b37000 	C:\WINDOWS\System32\sechost.dll
0x00007ff8f58a0000 - 0x00007ff8f59c0000 	C:\WINDOWS\System32\RPCRT4.dll
0x00007ff8f4600000 - 0x00007ff8f4794000 	C:\WINDOWS\System32\USER32.dll
0x00007ff8f2cd0000 - 0x00007ff8f2cf1000 	C:\WINDOWS\System32\win32u.dll
0x00007ff8f5a70000 - 0x00007ff8f5a96000 	C:\WINDOWS\System32\GDI32.dll
0x00007ff8e4390000 - 0x00007ff8e4614000 	C:\WINDOWS\WinSxS\amd64_microsoft.windows.common-controls_6595b64144ccf1df_6.0.18362.836_none_e6c4b943130f18ed\COMCTL32.dll
0x00007ff8f2d00000 - 0x00007ff8f2e94000 	C:\WINDOWS\System32\gdi32full.dll
0x00007ff8f2ea0000 - 0x00007ff8f2f3e000 	C:\WINDOWS\System32\msvcp_win.dll
0x00007ff8f4c60000 - 0x00007ff8f4f96000 	C:\WINDOWS\System32\combase.dll
0x00007ff8f3c20000 - 0x00007ff8f3d1a000 	C:\WINDOWS\System32\ucrtbase.dll
0x00007ff8f3b40000 - 0x00007ff8f3bc0000 	C:\WINDOWS\System32\bcryptPrimitives.dll
0x00007ff8f5ca0000 - 0x00007ff8f5cce000 	C:\WINDOWS\System32\IMM32.DLL
0x0000000062fc0000 - 0x0000000063092000 	C:\Program Files\Java\jdk1.8.0_221\jre\bin\msvcr100.dll
0x00000000630a0000 - 0x0000000063945000 	C:\Program Files\Java\jdk1.8.0_221\jre\bin\server\jvm.dll
0x00007ff8f5cd0000 - 0x00007ff8f5cd8000 	C:\WINDOWS\System32\PSAPI.DLL
0x00007ff8e9cf0000 - 0x00007ff8e9cf9000 	C:\WINDOWS\SYSTEM32\WSOCK32.dll
0x00007ff8ef240000 - 0x00007ff8ef264000 	C:\WINDOWS\SYSTEM32\WINMM.dll
0x00007ff8f4b90000 - 0x00007ff8f4bff000 	C:\WINDOWS\System32\WS2_32.dll
0x00007ff8eb200000 - 0x00007ff8eb20a000 	C:\WINDOWS\SYSTEM32\VERSION.dll
0x00007ff8ef1e0000 - 0x00007ff8ef20d000 	C:\WINDOWS\SYSTEM32\winmmbase.dll
0x00007ff8f2f40000 - 0x00007ff8f2f8a000 	C:\WINDOWS\System32\cfgmgr32.dll
0x00007ff8ef270000 - 0x00007ff8ef27f000 	C:\Program Files\Java\jdk1.8.0_221\jre\bin\verify.dll
0x00007ff8eceb0000 - 0x00007ff8eced9000 	C:\Program Files\Java\jdk1.8.0_221\jre\bin\java.dll
0x00007ff8eeed0000 - 0x00007ff8eeee6000 	C:\Program Files\Java\jdk1.8.0_221\jre\bin\zip.dll
0x00007ff8f3f10000 - 0x00007ff8f45f4000 	C:\WINDOWS\System32\SHELL32.dll
0x00007ff8f4850000 - 0x00007ff8f48f9000 	C:\WINDOWS\System32\shcore.dll
0x00007ff8f3240000 - 0x00007ff8f39be000 	C:\WINDOWS\System32\windows.storage.dll
0x00007ff8f2c10000 - 0x00007ff8f2c33000 	C:\WINDOWS\System32\profapi.dll
0x00007ff8f2c60000 - 0x00007ff8f2caa000 	C:\WINDOWS\System32\powrprof.dll
0x00007ff8f2be0000 - 0x00007ff8f2bf0000 	C:\WINDOWS\System32\UMPDC.dll
0x00007ff8f4b10000 - 0x00007ff8f4b62000 	C:\WINDOWS\System32\shlwapi.dll
0x00007ff8f2bf0000 - 0x00007ff8f2c01000 	C:\WINDOWS\System32\kernel.appcore.dll
0x00007ff8f2cb0000 - 0x00007ff8f2cc7000 	C:\WINDOWS\System32\cryptsp.dll

VM Arguments:
jvm_args: -Dapplication.home=C:\Program Files\Java\jdk1.8.0_221 -Xms8m 
java_command: com.sun.tools.javac.Main -d C:\Users\User\Desktop\java_project\sold-phone\build\classes -classpath C:\Users\User\Desktop\java_project\sold-phone\build\classes;C:\Users\User\Desktop\java_project\sold-phone\src\lib\PlaceHolder.jar;C:\Users\User\Desktop\java_project\sold-phone\src\lib\RSButtonIconI.jar;C:\Users\User\Desktop\java_project\sold-phone\src\lib\RSTableMetro.jar;C:\Users\User\Desktop\java_project\sold-phone\src\lib\RojeruSan.lib.jar;C:\Users\User\Desktop\java_project\sold-phone\src\lib\RojeruSan.parte1.jar;C:\Users\User\Desktop\java_project\sold-phone\src\lib\jdatepicker-1.3.4.jar;C:\Program Files (x86)\NetBeans 8.2\java\modules\ext\AbsoluteLayout.jar;C:\Program Files (x86)\NetBeans 8.2\java\modules\ext\beansbinding-1.2.1.jar;C:\Users\User\Desktop\java_project\mysql-connector-java-8.0.20\mysql-connector-java-8.0.20.jar;C:\Users\User\Desktop\java_project\itextpdf-5.5.9.jar;C:\Users\User\Desktop\java_project\LGoodDatePicker-10.4.1.jar;C:\Users\User\Desktop\java_project\commons-codec-1.12.jar;C:\Users\User\Desktop\java_project\commons-collections4-4.3.jar;C:\Users\User\Desktop\java_project\poi-4.1.0.jar;C:\Users\User\Desktop\java_project\jcalendar-1.4.jar;C:\Users\User\Desktop\java_project\jcommon-1.0.24.jar;C:\Users\User\Desktop\java_project\jfreechart-1.5.0.jar -sourcepath C:\Users\User\Desktop\java_project\sold-phone\build\empty -target 1.8 -encoding UTF-8 -g -processorpath C:\Users\User\Desktop\java_project\sold-phone\src\lib\PlaceHolder.jar;C:\Users\User\Desktop\java_project\sold-phone\src\lib\RSButtonIconI.jar;C:\Users\User\Desktop\java_project\sold-phone\src\lib\RSTableMetro.jar;C:\Users\User\Desktop\java_project\sold-phone\src\lib\RojeruSan.lib.jar;C:\Users\User\Desktop\java_project\sold-phone\src\lib\RojeruSan.parte1.jar;C:\Users\User\Desktop\java_project\sold-phone\src\lib\jdatepicker-1.3.4.jar;C:\Program Files (x86)\NetBeans 8.2\java\modules\ext\AbsoluteLayout.jar;C:\Program Files (x86)\NetBeans 8.2\java\modules\ext\beansbinding-1.2.1.
java_class_path (initial): C:\Program Files\Java\jdk1.8.0_221/lib/tools.jar;C:\Program Files\Java\jdk1.8.0_221/classes
Launcher Type: SUN_STANDARD

Environment Variables:
JAVA_HOME=C:\Program Files (x86)\Java\jre1.8.0_211
PATH=C:\Program Files\Microsoft MPI\Bin\;C:\Program Files (x86)\Common Files\Oracle\Java\javapath;C:\Program Files\Java\jdk1.8.0_221\bin;C:\Program Files\Intel\WiFi\bin\;C:\Program Files\Common Files\Intel\WirelessCommon\;C:\Program Files\Git\cmd;C:\WINDOWS\system32;C:\WINDOWS;C:\WINDOWS\System32\Wbem;C:\WINDOWS\System32\WindowsPowerShell\v1.0\;C:\WINDOWS\System32\OpenSSH\;C:\Users\User\AppData\Local\Android\Sdk\platform-tools;C:\flutter\bin;C:\Program Files (x86)\Microsoft SQL Server\150\Tools\Binn\;C:\Program Files\Microsoft SQL Server\150\Tools\Binn\;C:\Program Files (x86)\Microsoft SQL Server\150\DTS\Binn\;C:\Program Files\Microsoft SQL Server\150\DTS\Binn\;C:\Program Files\Microsoft SQL Server\Client SDK\ODBC\170\Tools\Binn\;c:\Program Files (x86)\Intel\Intel(R) Management Engine Components\DAL;c:\Program Files\Intel\Intel(R) Management Engine Components\DAL;C:\Program Files\MySQL\MySQL Shell 8.0\bin\;C:\Program Files\Java\jdk-12.0.2\bin;C:\Users\User\AppData\Local\Microsoft\WindowsApps
USERNAME=User
OS=Windows_NT
PROCESSOR_IDENTIFIER=Intel64 Family 6 Model 78 Stepping 3, GenuineIntel



---------------  S Y S T E M  ---------------

OS: Windows 10.0 , 64 bit Build 18362 (10.0.18362.778)

CPU:total 4 (initial active 4) (2 cores per cpu, 2 threads per core) family 6 model 78 stepping 3, cmov, cx8, fxsr, mmx, sse, sse2, sse3, ssse3, sse4.1, sse4.2, popcnt, avx, avx2, aes, clmul, erms, 3dnowpref, lzcnt, ht, tsc, tscinvbit, bmi1, bmi2, adx

Memory: 4k page, physical 8268960k(1574572k free), swap 10715460k(9084k free)

vm_info: Java HotSpot(TM) 64-Bit Server VM (25.221-b11) for windows-amd64 JRE (1.8.0_221-b11), built on Jul  4 2019 04:39:29 by "java_re" with MS VC++ 10.0 (VS2010)

time: Sat May 30 23:13:45 2020
timezone: SE Asia Standard Time
elapsed time: 1 seconds (0d 0h 0m 1s)

