#
# There is insufficient memory for the Java Runtime Environment to continue.
# Native memory allocation (malloc) failed to allocate 412496 bytes for Chunk::new
# Possible reasons:
#   The system is out of physical RAM or swap space
#   The process is running with CompressedOops enabled, and the Java Heap may be blocking the growth of the native heap
# Possible solutions:
#   Reduce memory load on the system
#   Increase physical memory or swap space
#   Check if swap backing store is full
#   Decrease Java heap size (-Xmx/-Xms)
#   Decrease number of Java threads
#   Decrease Java thread stack sizes (-Xss)
#   Set larger code cache with -XX:ReservedCodeCacheSize=
#   JVM is running with Unscaled Compressed Oops mode in which the Java heap is
#     placed in the first 4GB address space. The Java Heap base address is the
#     maximum limit for the native heap growth. Please use -XX:HeapBaseMinAddress
#     to set the Java Heap base and to place the Java Heap above 4GB virtual address.
# This output file may be truncated or incomplete.
#
#  Out of Memory Error (allocation.cpp:389), pid=4276, tid=0x0000000000004b9c
#
# JRE version: Java(TM) SE Runtime Environment (8.0_221-b11) (build 1.8.0_221-b11)
# Java VM: Java HotSpot(TM) 64-Bit Server VM (25.221-b11 mixed mode windows-amd64 compressed oops)
# Failed to write core dump. Minidumps are not enabled by default on client versions of Windows
#

---------------  T H R E A D  ---------------

Current thread (0x0000000017245000):  JavaThread "C2 CompilerThread1" daemon [_thread_in_native, id=19356, stack(0x00000000189a0000,0x0000000018aa0000)]

Stack: [0x00000000189a0000,0x0000000018aa0000]
[error occurred during error reporting (printing stack bounds), id 0xc0000005]

Native frames: (J=compiled Java code, j=interpreted, Vv=VM code, C=native code)


Current CompileTask:
C2:   1270  429   !   4       com.sun.tools.javac.parser.JavaTokenizer::readToken (2243 bytes)


---------------  P R O C E S S  ---------------

Java Threads: ( => current thread )
  0x000000001729d800 JavaThread "Service Thread" daemon [_thread_blocked, id=11780, stack(0x0000000018fa0000,0x00000000190a0000)]
  0x0000000017296000 JavaThread "C1 CompilerThread2" daemon [_thread_blocked, id=12048, stack(0x0000000018aa0000,0x0000000018ba0000)]
=>0x0000000017245000 JavaThread "C2 CompilerThread1" daemon [_thread_in_native, id=19356, stack(0x00000000189a0000,0x0000000018aa0000)]
  0x0000000017241000 JavaThread "C2 CompilerThread0" daemon [_thread_in_native, id=19388, stack(0x00000000188a0000,0x00000000189a0000)]
  0x000000001723f000 JavaThread "Attach Listener" daemon [_thread_blocked, id=8988, stack(0x00000000187a0000,0x00000000188a0000)]
  0x000000000270e000 JavaThread "Signal Dispatcher" daemon [_thread_blocked, id=15684, stack(0x00000000186a0000,0x00000000187a0000)]
  0x0000000002707000 JavaThread "Finalizer" daemon [_thread_blocked, id=13004, stack(0x00000000184a0000,0x00000000185a0000)]
  0x0000000002704000 JavaThread "Reference Handler" daemon [_thread_blocked, id=4104, stack(0x00000000183a0000,0x00000000184a0000)]
  0x0000000002614000 JavaThread "main" [_thread_in_native, id=17472, stack(0x0000000002510000,0x0000000002610000)]

Other Threads:
  0x0000000017207000 VMThread [stack: 0x00000000182a0000,0x00000000183a0000] [id=14936]
  0x0000000018bbb800 WatcherThread [stack: 0x00000000190a0000,0x00000000191a0000] [id=17588]

VM state:not at safepoint (normal execution)

VM Mutex/Monitor currently owned by a thread: None

heap address: 0x0000000081c00000, size: 2020 MB, Compressed Oops mode: 32-bit
Narrow klass base: 0x0000000000000000, Narrow klass shift: 3
Compressed class space size: 1073741824 Address: 0x0000000100000000

Heap:
 PSYoungGen      total 7168K, used 3914K [0x00000000d5f00000, 0x00000000d6700000, 0x0000000100000000)
  eden space 6144K, 50% used [0x00000000d5f00000,0x00000000d620dab0,0x00000000d6500000)
  from space 1024K, 76% used [0x00000000d6600000,0x00000000d66c4e28,0x00000000d6700000)
  to   space 1024K, 0% used [0x00000000d6500000,0x00000000d6500000,0x00000000d6600000)
 ParOldGen       total 5632K, used 1024K [0x0000000081c00000, 0x0000000082180000, 0x00000000d5f00000)
  object space 5632K, 18% used [0x0000000081c00000,0x0000000081d00258,0x0000000082180000)
 Metaspace       used 7262K, capacity 8212K, committed 8448K, reserved 1056768K
  class space    used 878K, capacity 912K, committed 1024K, reserved 1048576K

Card table byte_map: [0x0000000011ad0000,0x0000000011ed0000] byte_map_base: 0x00000000116c2000

Marking Bits: (ParMarkBitMap*) 0x00000000638c5ce0
 Begin Bits: [0x0000000012580000, 0x0000000014510000)
 End Bits:   [0x0000000014510000, 0x00000000164a0000)

Polling page: 0x0000000000ab0000

CodeCache: size=245760Kb used=2436Kb max_used=2447Kb free=243323Kb
 bounds [0x0000000002710000, 0x0000000002980000, 0x0000000011710000]
 total_blobs=745 nmethods=459 adapters=199
 compilation: enabled

Compilation events (10 events):
Event: 1.262 Thread 0x0000000017296000  453       3       com.sun.tools.javac.util.List::isEmpty (13 bytes)
Event: 1.263 Thread 0x0000000017296000 nmethod 453 0x000000000296bf90 code [0x000000000296c0e0, 0x000000000296c290]
Event: 1.263 Thread 0x0000000017296000  459       3       com.sun.tools.javac.parser.Tokens$StringToken::checkKind (43 bytes)
Event: 1.264 Thread 0x0000000017296000 nmethod 459 0x0000000002971250 code [0x0000000002971440, 0x0000000002971e78]
Event: 1.264 Thread 0x0000000017296000  460       3       com.sun.tools.javac.util.ListBuffer::prepend (39 bytes)
Event: 1.264 Thread 0x0000000017296000 nmethod 460 0x000000000296f210 code [0x000000000296f380, 0x000000000296f7d0]
Event: 1.267 Thread 0x0000000017241000 nmethod 457 0x0000000002975190 code [0x00000000029752c0, 0x0000000002975538]
Event: 1.267 Thread 0x0000000017241000  458       4       java.util.ArrayList::isEmpty (13 bytes)
Event: 1.268 Thread 0x0000000017241000 nmethod 458 0x000000000292ef10 code [0x000000000292f040, 0x000000000292f0b8]
Event: 1.268 Thread 0x0000000017241000  461       4       com.sun.tools.javac.parser.Scanner::nextToken (52 bytes)

GC Heap History (10 events):
Event: 0.639 GC heap before
{Heap before GC invocations=2 (full 0):
 PSYoungGen      total 2048K, used 2009K [0x00000000d5f00000, 0x00000000d6180000, 0x0000000100000000)
  eden space 1536K, 99% used [0x00000000d5f00000,0x00000000d607e7d0,0x00000000d6080000)
  from space 512K, 93% used [0x00000000d6080000,0x00000000d60f8020,0x00000000d6100000)
  to   space 512K, 0% used [0x00000000d6100000,0x00000000d6100000,0x00000000d6180000)
 ParOldGen       total 5632K, used 24K [0x0000000081c00000, 0x0000000082180000, 0x00000000d5f00000)
  object space 5632K, 0% used [0x0000000081c00000,0x0000000081c06000,0x0000000082180000)
 Metaspace       used 3988K, capacity 5324K, committed 5504K, reserved 1056768K
  class space    used 471K, capacity 520K, committed 640K, reserved 1048576K
Event: 0.641 GC heap after
Heap after GC invocations=2 (full 0):
 PSYoungGen      total 2048K, used 512K [0x00000000d5f00000, 0x00000000d6180000, 0x0000000100000000)
  eden space 1536K, 0% used [0x00000000d5f00000,0x00000000d5f00000,0x00000000d6080000)
  from space 512K, 100% used [0x00000000d6100000,0x00000000d6180000,0x00000000d6180000)
  to   space 512K, 0% used [0x00000000d6080000,0x00000000d6080000,0x00000000d6100000)
 ParOldGen       total 5632K, used 72K [0x0000000081c00000, 0x0000000082180000, 0x00000000d5f00000)
  object space 5632K, 1% used [0x0000000081c00000,0x0000000081c12000,0x0000000082180000)
 Metaspace       used 3988K, capacity 5324K, committed 5504K, reserved 1056768K
  class space    used 471K, capacity 520K, committed 640K, reserved 1048576K
}
Event: 0.716 GC heap before
{Heap before GC invocations=3 (full 0):
 PSYoungGen      total 2048K, used 2048K [0x00000000d5f00000, 0x00000000d6180000, 0x0000000100000000)
  eden space 1536K, 100% used [0x00000000d5f00000,0x00000000d6080000,0x00000000d6080000)
  from space 512K, 100% used [0x00000000d6100000,0x00000000d6180000,0x00000000d6180000)
  to   space 512K, 0% used [0x00000000d6080000,0x00000000d6080000,0x00000000d6100000)
 ParOldGen       total 5632K, used 72K [0x0000000081c00000, 0x0000000082180000, 0x00000000d5f00000)
  object space 5632K, 1% used [0x0000000081c00000,0x0000000081c12000,0x0000000082180000)
 Metaspace       used 4481K, capacity 5772K, committed 6016K, reserved 1056768K
  class space    used 547K, capacity 584K, committed 640K, reserved 1048576K
Event: 0.718 GC heap after
Heap after GC invocations=3 (full 0):
 PSYoungGen      total 2048K, used 480K [0x00000000d5f00000, 0x00000000d6300000, 0x0000000100000000)
  eden space 1536K, 0% used [0x00000000d5f00000,0x00000000d5f00000,0x00000000d6080000)
  from space 512K, 93% used [0x00000000d6080000,0x00000000d60f8040,0x00000000d6100000)
  to   space 512K, 0% used [0x00000000d6280000,0x00000000d6280000,0x00000000d6300000)
 ParOldGen       total 5632K, used 517K [0x0000000081c00000, 0x0000000082180000, 0x00000000d5f00000)
  object space 5632K, 9% used [0x0000000081c00000,0x0000000081c815f8,0x0000000082180000)
 Metaspace       used 4481K, capacity 5772K, committed 6016K, reserved 1056768K
  class space    used 547K, capacity 584K, committed 640K, reserved 1048576K
}
Event: 0.777 GC heap before
{Heap before GC invocations=4 (full 0):
 PSYoungGen      total 2048K, used 2007K [0x00000000d5f00000, 0x00000000d6300000, 0x0000000100000000)
  eden space 1536K, 99% used [0x00000000d5f00000,0x00000000d607de30,0x00000000d6080000)
  from space 512K, 93% used [0x00000000d6080000,0x00000000d60f8040,0x00000000d6100000)
  to   space 512K, 0% used [0x00000000d6280000,0x00000000d6280000,0x00000000d6300000)
 ParOldGen       total 5632K, used 517K [0x0000000081c00000, 0x0000000082180000, 0x00000000d5f00000)
  object space 5632K, 9% used [0x0000000081c00000,0x0000000081c815f8,0x0000000082180000)
 Metaspace       used 4969K, capacity 6284K, committed 6656K, reserved 1056768K
  class space    used 608K, capacity 648K, committed 768K, reserved 1048576K
Event: 0.780 GC heap after
Heap after GC invocations=4 (full 0):
 PSYoungGen      total 3584K, used 480K [0x00000000d5f00000, 0x00000000d6300000, 0x0000000100000000)
  eden space 3072K, 0% used [0x00000000d5f00000,0x00000000d5f00000,0x00000000d6200000)
  from space 512K, 93% used [0x00000000d6280000,0x00000000d62f8040,0x00000000d6300000)
  to   space 512K, 0% used [0x00000000d6200000,0x00000000d6200000,0x00000000d6280000)
 ParOldGen       total 5632K, used 636K [0x0000000081c00000, 0x0000000082180000, 0x00000000d5f00000)
  object space 5632K, 11% used [0x0000000081c00000,0x0000000081c9f208,0x0000000082180000)
 Metaspace       used 4969K, capacity 6284K, committed 6656K, reserved 1056768K
  class space    used 608K, capacity 648K, committed 768K, reserved 1048576K
}
Event: 0.958 GC heap before
{Heap before GC invocations=5 (full 0):
 PSYoungGen      total 3584K, used 3552K [0x00000000d5f00000, 0x00000000d6300000, 0x0000000100000000)
  eden space 3072K, 100% used [0x00000000d5f00000,0x00000000d6200000,0x00000000d6200000)
  from space 512K, 93% used [0x00000000d6280000,0x00000000d62f8040,0x00000000d6300000)
  to   space 512K, 0% used [0x00000000d6200000,0x00000000d6200000,0x00000000d6280000)
 ParOldGen       total 5632K, used 636K [0x0000000081c00000, 0x0000000082180000, 0x00000000d5f00000)
  object space 5632K, 11% used [0x0000000081c00000,0x0000000081c9f208,0x0000000082180000)
 Metaspace       used 6061K, capacity 7244K, committed 7552K, reserved 1056768K
  class space    used 758K, capacity 776K, committed 896K, reserved 1048576K
Event: 0.961 GC heap after
Heap after GC invocations=5 (full 0):
 PSYoungGen      total 3584K, used 480K [0x00000000d5f00000, 0x00000000d6700000, 0x0000000100000000)
  eden space 3072K, 0% used [0x00000000d5f00000,0x00000000d5f00000,0x00000000d6200000)
  from space 512K, 93% used [0x00000000d6200000,0x00000000d6278020,0x00000000d6280000)
  to   space 1024K, 0% used [0x00000000d6600000,0x00000000d6600000,0x00000000d6700000)
 ParOldGen       total 5632K, used 1016K [0x0000000081c00000, 0x0000000082180000, 0x00000000d5f00000)
  object space 5632K, 18% used [0x0000000081c00000,0x0000000081cfe258,0x0000000082180000)
 Metaspace       used 6061K, capacity 7244K, committed 7552K, reserved 1056768K
  class space    used 758K, capacity 776K, committed 896K, reserved 1048576K
}
Event: 1.056 GC heap before
{Heap before GC invocations=6 (full 0):
 PSYoungGen      total 3584K, used 3550K [0x00000000d5f00000, 0x00000000d6700000, 0x0000000100000000)
  eden space 3072K, 99% used [0x00000000d5f00000,0x00000000d61ff890,0x00000000d6200000)
  from space 512K, 93% used [0x00000000d6200000,0x00000000d6278020,0x00000000d6280000)
  to   space 1024K, 0% used [0x00000000d6600000,0x00000000d6600000,0x00000000d6700000)
 ParOldGen       total 5632K, used 1016K [0x0000000081c00000, 0x0000000082180000, 0x00000000d5f00000)
  object space 5632K, 18% used [0x0000000081c00000,0x0000000081cfe258,0x0000000082180000)
 Metaspace       used 6730K, capacity 7796K, committed 8064K, reserved 1056768K
  class space    used 839K, capacity 880K, committed 896K, reserved 1048576K
Event: 1.059 GC heap after
Heap after GC invocations=6 (full 0):
 PSYoungGen      total 7168K, used 787K [0x00000000d5f00000, 0x00000000d6700000, 0x0000000100000000)
  eden space 6144K, 0% used [0x00000000d5f00000,0x00000000d5f00000,0x00000000d6500000)
  from space 1024K, 76% used [0x00000000d6600000,0x00000000d66c4e28,0x00000000d6700000)
  to   space 1024K, 0% used [0x00000000d6500000,0x00000000d6500000,0x00000000d6600000)
 ParOldGen       total 5632K, used 1024K [0x0000000081c00000, 0x0000000082180000, 0x00000000d5f00000)
  object space 5632K, 18% used [0x0000000081c00000,0x0000000081d00258,0x0000000082180000)
 Metaspace       used 6730K, capacity 7796K, committed 8064K, reserved 1056768K
  class space    used 839K, capacity 880K, committed 896K, reserved 1048576K
}

Deoptimization events (6 events):
Event: 1.066 Thread 0x0000000002614000 Uncommon trap: reason=unstable_if action=reinterpret pc=0x000000000288cfec method=java.lang.String.replace(CC)Ljava/lang/String; @ 26
Event: 1.080 Thread 0x0000000002614000 Uncommon trap: reason=unstable_if action=reinterpret pc=0x00000000028cd138 method=java.lang.String.<init>([CII)V @ 18
Event: 1.080 Thread 0x0000000002614000 Uncommon trap: reason=unstable_if action=reinterpret pc=0x000000000284c1c8 method=java.lang.String.startsWith(Ljava/lang/String;I)Z @ 25
Event: 1.081 Thread 0x0000000002614000 Uncommon trap: reason=unloaded action=reinterpret pc=0x00000000028c70b0 method=sun.misc.URLClassPath$JarLoader.getResource(Ljava/lang/String;Z)Lsun/misc/Resource; @ 67
Event: 1.089 Thread 0x0000000002614000 Uncommon trap: reason=class_check action=maybe_recompile pc=0x00000000028b0660 method=sun.misc.URLClassPath.getLoader(I)Lsun/misc/URLClassPath$Loader; @ 94
Event: 1.154 Thread 0x0000000002614000 Uncommon trap: reason=unstable_if action=reinterpret pc=0x00000000028fb448 method=com.sun.tools.javac.parser.UnicodeReader.scanChar()V @ 37

Classes redefined (0 events):
No events

Internal exceptions (10 events):
Event: 1.076 Thread 0x0000000002614000 Exception <a 'java/security/PrivilegedActionException'> (0x00000000d6060630) thrown at [C:\re\workspace\8-2-build-windows-amd64-cygwin\jdk8u221\13320\hotspot\src\share\vm\prims\jvm.cpp, line 1502]
Event: 1.076 Thread 0x0000000002614000 Exception <a 'java/security/PrivilegedActionException'> (0x00000000d6060840) thrown at [C:\re\workspace\8-2-build-windows-amd64-cygwin\jdk8u221\13320\hotspot\src\share\vm\prims\jvm.cpp, line 1502]
Event: 1.077 Thread 0x0000000002614000 Exception <a 'java/security/PrivilegedActionException'> (0x00000000d6067260) thrown at [C:\re\workspace\8-2-build-windows-amd64-cygwin\jdk8u221\13320\hotspot\src\share\vm\prims\jvm.cpp, line 1502]
Event: 1.077 Thread 0x0000000002614000 Exception <a 'java/security/PrivilegedActionException'> (0x00000000d6067470) thrown at [C:\re\workspace\8-2-build-windows-amd64-cygwin\jdk8u221\13320\hotspot\src\share\vm\prims\jvm.cpp, line 1502]
Event: 1.078 Thread 0x0000000002614000 Exception <a 'java/security/PrivilegedActionException'> (0x00000000d6068900) thrown at [C:\re\workspace\8-2-build-windows-amd64-cygwin\jdk8u221\13320\hotspot\src\share\vm\prims\jvm.cpp, line 1502]
Event: 1.078 Thread 0x0000000002614000 Exception <a 'java/security/PrivilegedActionException'> (0x00000000d6068b10) thrown at [C:\re\workspace\8-2-build-windows-amd64-cygwin\jdk8u221\13320\hotspot\src\share\vm\prims\jvm.cpp, line 1502]
Event: 1.079 Thread 0x0000000002614000 Exception <a 'java/security/PrivilegedActionException'> (0x00000000d606c0a8) thrown at [C:\re\workspace\8-2-build-windows-amd64-cygwin\jdk8u221\13320\hotspot\src\share\vm\prims\jvm.cpp, line 1502]
Event: 1.079 Thread 0x0000000002614000 Exception <a 'java/security/PrivilegedActionException'> (0x00000000d606c2b8) thrown at [C:\re\workspace\8-2-build-windows-amd64-cygwin\jdk8u221\13320\hotspot\src\share\vm\prims\jvm.cpp, line 1502]
Event: 1.079 Thread 0x0000000002614000 Exception <a 'java/security/PrivilegedActionException'> (0x00000000d606ddd8) thrown at [C:\re\workspace\8-2-build-windows-amd64-cygwin\jdk8u221\13320\hotspot\src\share\vm\prims\jvm.cpp, line 1502]
Event: 1.079 Thread 0x0000000002614000 Exception <a 'java/security/PrivilegedActionException'> (0x00000000d606dfe8) thrown at [C:\re\workspace\8-2-build-windows-amd64-cygwin\jdk8u221\13320\hotspot\src\share\vm\prims\jvm.cpp, line 1502]

Events (10 events):
Event: 1.134 loading class com/sun/tools/javac/util/Position done
Event: 1.134 loading class com/sun/tools/javac/util/Position$LineMapImpl
Event: 1.134 loading class com/sun/tools/javac/util/Position$LineMapImpl done
Event: 1.134 loading class com/sun/tools/javac/util/Position$LineMap
Event: 1.134 loading class com/sun/tools/javac/util/Position$LineMap done
Event: 1.134 loading class com/sun/tools/javac/util/Position$LineTabMapImpl
Event: 1.134 loading class com/sun/tools/javac/util/Position$LineTabMapImpl done
Event: 1.154 Thread 0x0000000002614000 Uncommon trap: trap_request=0xffffff65 fr.pc=0x00000000028fb448
Event: 1.154 Thread 0x0000000002614000 DEOPT PACKING pc=0x00000000028fb448 sp=0x000000000260db40
Event: 1.154 Thread 0x0000000002614000 DEOPT UNPACKING pc=0x000000000275583b sp=0x000000000260dae8 mode 2


Dynamic libraries:
0x00007ff6191e0000 - 0x00007ff6191e7000 	C:\Program Files\Java\jdk1.8.0_221\bin\javac.exe
0x00007ff8f5d20000 - 0x00007ff8f5f10000 	C:\WINDOWS\SYSTEM32\ntdll.dll
0x00007ff8f4980000 - 0x00007ff8f4a32000 	C:\WINDOWS\System32\KERNEL32.DLL
0x00007ff8f2f90000 - 0x00007ff8f3234000 	C:\WINDOWS\System32\KERNELBASE.dll
0x00007ff8d70d0000 - 0x00007ff8d70ff000 	C:\Program Files\Java\jdk1.8.0_221\bin\jli.dll
0x00007ff8f59c0000 - 0x00007ff8f5a63000 	C:\WINDOWS\System32\ADVAPI32.dll
0x00007ff8f5020000 - 0x00007ff8f50be000 	C:\WINDOWS\System32\msvcrt.dll
0x00007ff8f5aa0000 - 0x00007ff8f5b37000 	C:\WINDOWS\System32\sechost.dll
0x0000000062eb0000 - 0x0000000062f82000 	C:\Program Files\Java\jdk1.8.0_221\bin\MSVCR100.dll
0x00007ff8f58a0000 - 0x00007ff8f59c0000 	C:\WINDOWS\System32\RPCRT4.dll
0x00007ff8f4600000 - 0x00007ff8f4794000 	C:\WINDOWS\System32\USER32.dll
0x00007ff8f2cd0000 - 0x00007ff8f2cf1000 	C:\WINDOWS\System32\win32u.dll
0x00007ff8f5a70000 - 0x00007ff8f5a96000 	C:\WINDOWS\System32\GDI32.dll
0x00007ff8f2d00000 - 0x00007ff8f2e94000 	C:\WINDOWS\System32\gdi32full.dll
0x00007ff8f2ea0000 - 0x00007ff8f2f3e000 	C:\WINDOWS\System32\msvcp_win.dll
0x00007ff8f3c20000 - 0x00007ff8f3d1a000 	C:\WINDOWS\System32\ucrtbase.dll
0x00007ff8e4390000 - 0x00007ff8e4614000 	C:\WINDOWS\WinSxS\amd64_microsoft.windows.common-controls_6595b64144ccf1df_6.0.18362.836_none_e6c4b943130f18ed\COMCTL32.dll
0x00007ff8f4c60000 - 0x00007ff8f4f96000 	C:\WINDOWS\System32\combase.dll
0x00007ff8f3b40000 - 0x00007ff8f3bc0000 	C:\WINDOWS\System32\bcryptPrimitives.dll
0x00007ff8f5ca0000 - 0x00007ff8f5cce000 	C:\WINDOWS\System32\IMM32.DLL
0x0000000062fc0000 - 0x0000000063092000 	C:\Program Files\Java\jdk1.8.0_221\jre\bin\msvcr100.dll
0x00000000630a0000 - 0x0000000063945000 	C:\Program Files\Java\jdk1.8.0_221\jre\bin\server\jvm.dll
0x00007ff8f5cd0000 - 0x00007ff8f5cd8000 	C:\WINDOWS\System32\PSAPI.DLL
0x00007ff8eb200000 - 0x00007ff8eb20a000 	C:\WINDOWS\SYSTEM32\VERSION.dll
0x00007ff8ef240000 - 0x00007ff8ef264000 	C:\WINDOWS\SYSTEM32\WINMM.dll
0x00007ff8e9cf0000 - 0x00007ff8e9cf9000 	C:\WINDOWS\SYSTEM32\WSOCK32.dll
0x00007ff8f4b90000 - 0x00007ff8f4bff000 	C:\WINDOWS\System32\WS2_32.dll
0x00007ff8ef1e0000 - 0x00007ff8ef20d000 	C:\WINDOWS\SYSTEM32\winmmbase.dll
0x00007ff8f2f40000 - 0x00007ff8f2f8a000 	C:\WINDOWS\System32\cfgmgr32.dll
0x00007ff8deba0000 - 0x00007ff8debaf000 	C:\Program Files\Java\jdk1.8.0_221\jre\bin\verify.dll
0x00007ff8ae180000 - 0x00007ff8ae1a9000 	C:\Program Files\Java\jdk1.8.0_221\jre\bin\java.dll
0x00007ff8bbf60000 - 0x00007ff8bbf76000 	C:\Program Files\Java\jdk1.8.0_221\jre\bin\zip.dll
0x00007ff8f3f10000 - 0x00007ff8f45f4000 	C:\WINDOWS\System32\SHELL32.dll
0x00007ff8f4850000 - 0x00007ff8f48f9000 	C:\WINDOWS\System32\shcore.dll
0x00007ff8f3240000 - 0x00007ff8f39be000 	C:\WINDOWS\System32\windows.storage.dll
0x00007ff8f2c10000 - 0x00007ff8f2c33000 	C:\WINDOWS\System32\profapi.dll
0x00007ff8f2c60000 - 0x00007ff8f2caa000 	C:\WINDOWS\System32\powrprof.dll
0x00007ff8f2be0000 - 0x00007ff8f2bf0000 	C:\WINDOWS\System32\UMPDC.dll
0x00007ff8f4b10000 - 0x00007ff8f4b62000 	C:\WINDOWS\System32\shlwapi.dll
0x00007ff8f2bf0000 - 0x00007ff8f2c01000 	C:\WINDOWS\System32\kernel.appcore.dll
0x00007ff8f2cb0000 - 0x00007ff8f2cc7000 	C:\WINDOWS\System32\cryptsp.dll

VM Arguments:
jvm_args: -Dapplication.home=C:\Program Files\Java\jdk1.8.0_221 -Xms8m 
java_command: com.sun.tools.javac.Main -d C:\Users\User\Desktop\java_project\sold-phone\build\classes -classpath C:\Users\User\Desktop\java_project\sold-phone\build\classes;C:\Users\User\Desktop\java_project\sold-phone\src\lib\PlaceHolder.jar;C:\Users\User\Desktop\java_project\sold-phone\src\lib\RSButtonIconI.jar;C:\Users\User\Desktop\java_project\sold-phone\src\lib\RSTableMetro.jar;C:\Users\User\Desktop\java_project\sold-phone\src\lib\RojeruSan.lib.jar;C:\Users\User\Desktop\java_project\sold-phone\src\lib\RojeruSan.parte1.jar;C:\Users\User\Desktop\java_project\sold-phone\src\lib\jdatepicker-1.3.4.jar;C:\Users\User\Desktop\java_project\mysql-connector-java-8.0.20\mysql-connector-java-8.0.20.jar;C:\Users\User\Desktop\java_project\itextpdf-5.5.9.jar;C:\Users\User\Desktop\java_project\LGoodDatePicker-10.4.1.jar;C:\Users\User\Desktop\java_project\commons-codec-1.12.jar;C:\Users\User\Desktop\java_project\commons-collections4-4.3.jar;C:\Users\User\Desktop\java_project\poi-4.1.0.jar;C:\Users\User\Desktop\java_project\jdatepicker-2.0.3.jar -sourcepath C:\Users\User\Desktop\java_project\sold-phone\build\empty -target 1.8 -encoding UTF-8 -g -processorpath C:\Users\User\Desktop\java_project\sold-phone\src\lib\PlaceHolder.jar;C:\Users\User\Desktop\java_project\sold-phone\src\lib\RSButtonIconI.jar;C:\Users\User\Desktop\java_project\sold-phone\src\lib\RSTableMetro.jar;C:\Users\User\Desktop\java_project\sold-phone\src\lib\RojeruSan.lib.jar;C:\Users\User\Desktop\java_project\sold-phone\src\lib\RojeruSan.parte1.jar;C:\Users\User\Desktop\java_project\sold-phone\src\lib\jdatepicker-1.3.4.jar;C:\Users\User\Desktop\java_project\sold-phone\${libs.absolutelayout.classpath};C:\Users\User\Desktop\java_project\sold-phone\${libs.beans-binding.classpath};C:\Users\User\Desktop\java_project\mysql-connector-java-8.0.20\mysql-connector-java-8.0.20.jar;C:\Users\User\Desktop\java_project\itextpdf-5.5.9.jar;C:\Users\User\Desktop\java_project\LGoodDatePicker-10.4.1.jar;C:\Users\User\Desktop\java_pro
java_class_path (initial): C:\Program Files\Java\jdk1.8.0_221/lib/tools.jar;C:\Program Files\Java\jdk1.8.0_221/classes
Launcher Type: SUN_STANDARD

Environment Variables:
JAVA_HOME=C:\Program Files (x86)\Java\jre1.8.0_211
PATH=C:\Program Files\Microsoft MPI\Bin\;C:\Program Files (x86)\Common Files\Oracle\Java\javapath;C:\Program Files\Java\jdk1.8.0_221\bin;C:\Program Files\Intel\WiFi\bin\;C:\Program Files\Common Files\Intel\WirelessCommon\;C:\Program Files\Git\cmd;C:\WINDOWS\system32;C:\WINDOWS;C:\WINDOWS\System32\Wbem;C:\WINDOWS\System32\WindowsPowerShell\v1.0\;C:\WINDOWS\System32\OpenSSH\;C:\Users\User\AppData\Local\Android\Sdk\platform-tools;C:\flutter\bin;C:\Program Files (x86)\Microsoft SQL Server\150\Tools\Binn\;C:\Program Files\Microsoft SQL Server\150\Tools\Binn\;C:\Program Files (x86)\Microsoft SQL Server\150\DTS\Binn\;C:\Program Files\Microsoft SQL Server\150\DTS\Binn\;C:\Program Files\Microsoft SQL Server\Client SDK\ODBC\170\Tools\Binn\;c:\Program Files (x86)\Intel\Intel(R) Management Engine Components\DAL;c:\Program Files\Intel\Intel(R) Management Engine Components\DAL;C:\Program Files\MySQL\MySQL Shell 8.0\bin\;C:\Program Files\Java\jdk-12.0.2\bin;C:\Users\User\AppData\Local\Microsoft\WindowsApps
USERNAME=User
OS=Windows_NT
PROCESSOR_IDENTIFIER=Intel64 Family 6 Model 78 Stepping 3, GenuineIntel



---------------  S Y S T E M  ---------------

OS: Windows 10.0 , 64 bit Build 18362 (10.0.18362.778)

CPU:total 4 (initial active 4) (2 cores per cpu, 2 threads per core) family 6 model 78 stepping 3, cmov, cx8, fxsr, mmx, sse, sse2, sse3, ssse3, sse4.1, sse4.2, popcnt, avx, avx2, aes, clmul, erms, 3dnowpref, lzcnt, ht, tsc, tscinvbit, bmi1, bmi2, adx

Memory: 4k page, physical 8268960k(434360k free), swap 11326304k(3072k free)

vm_info: Java HotSpot(TM) 64-Bit Server VM (25.221-b11) for windows-amd64 JRE (1.8.0_221-b11), built on Jul  4 2019 04:39:29 by "java_re" with MS VC++ 10.0 (VS2010)

time: Sat May 30 17:47:40 2020
timezone: SE Asia Standard Time
elapsed time: 1 seconds (0d 0h 0m 1s)

