#
# There is insufficient memory for the Java Runtime Environment to continue.
# Native memory allocation (malloc) failed to allocate 1048576 bytes for AllocateHeap
# Possible reasons:
#   The system is out of physical RAM or swap space
#   The process is running with CompressedOops enabled, and the Java Heap may be blocking the growth of the native heap
# Possible solutions:
#   Reduce memory load on the system
#   Increase physical memory or swap space
#   Check if swap backing store is full
#   Decrease Java heap size (-Xmx/-Xms)
#   Decrease number of Java threads
#   Decrease Java thread stack sizes (-Xss)
#   Set larger code cache with -XX:ReservedCodeCacheSize=
#   JVM is running with Unscaled Compressed Oops mode in which the Java heap is
#     placed in the first 4GB address space. The Java Heap base address is the
#     maximum limit for the native heap growth. Please use -XX:HeapBaseMinAddress
#     to set the Java Heap base and to place the Java Heap above 4GB virtual address.
# This output file may be truncated or incomplete.
#
#  Out of Memory Error (memory/allocation.inline.hpp:61), pid=19056, tid=0x0000000000000454
#
# JRE version:  (8.0_221-b11) (build )
# Java VM: Java HotSpot(TM) 64-Bit Server VM (25.221-b11 mixed mode windows-amd64 compressed oops)
# Failed to write core dump. Minidumps are not enabled by default on client versions of Windows
#

---------------  T H R E A D  ---------------

Current thread (0x0000000002e34000):  JavaThread "Unknown thread" [_thread_in_vm, id=1108, stack(0x0000000002cc0000,0x0000000002dc0000)]

Stack: [0x0000000002cc0000,0x0000000002dc0000]
[error occurred during error reporting (printing stack bounds), id 0xc0000005]

Native frames: (J=compiled Java code, j=interpreted, Vv=VM code, C=native code)


---------------  P R O C E S S  ---------------

Java Threads: ( => current thread )

Other Threads:

=>0x0000000002e34000 (exited) JavaThread "Unknown thread" [_thread_in_vm, id=1108, stack(0x0000000002cc0000,0x0000000002dc0000)]

VM state:not at safepoint (normal execution)

VM Mutex/Monitor currently owned by a thread: None

heap address: 0x0000000081c00000, size: 2020 MB, Compressed Oops mode: 32-bit
Narrow klass base: 0x0000000000000000, Narrow klass shift: 3
Compressed class space size: 1073741824 Address: 0x0000000100000000

Heap:
 PSYoungGen      total 2048K, used 30K [0x00000000d5f00000, 0x00000000d6180000, 0x0000000100000000)
  eden space 1536K, 2% used [0x00000000d5f00000,0x00000000d5f07af0,0x00000000d6080000)
  from space 512K, 0% used [0x00000000d6100000,0x00000000d6100000,0x00000000d6180000)
  to   space 512K, 0% used [0x00000000d6080000,0x00000000d6080000,0x00000000d6100000)
 ParOldGen       total 5632K, used 0K [0x0000000081c00000, 0x0000000082180000, 0x00000000d5f00000)
  object space 5632K, 0% used [0x0000000081c00000,0x0000000081c00000,0x0000000082180000)
 Metaspace       used 776K, capacity 4480K, committed 4480K, reserved 1056768K
  class space    used 76K, capacity 384K, committed 384K, reserved 1048576K

Card table byte_map: [0x00000000122f0000,0x00000000126f0000] byte_map_base: 0x0000000011ee2000

Marking Bits: (ParMarkBitMap*) 0x00000000638c5ce0
 Begin Bits: [0x0000000012da0000, 0x0000000014d30000)
 End Bits:   [0x0000000014d30000, 0x0000000016cc0000)

Polling page: 0x0000000002b30000

CodeCache: size=245760Kb used=328Kb max_used=328Kb free=245431Kb
 bounds [0x0000000002f30000, 0x00000000031a0000, 0x0000000011f30000]
 total_blobs=58 nmethods=0 adapters=38
 compilation: enabled

Compilation events (0 events):
No events

GC Heap History (0 events):
No events

Deoptimization events (0 events):
No events

Classes redefined (0 events):
No events

Internal exceptions (0 events):
No events

Events (10 events):
Event: 0.061 loading class java/lang/Short
Event: 0.061 loading class java/lang/Short done
Event: 0.061 loading class java/lang/Integer
Event: 0.061 loading class java/lang/Integer done
Event: 0.061 loading class java/lang/Long
Event: 0.061 loading class java/lang/Long done
Event: 0.063 loading class java/lang/NullPointerException
Event: 0.063 loading class java/lang/NullPointerException done
Event: 0.063 loading class java/lang/ArithmeticException
Event: 0.063 loading class java/lang/ArithmeticException done


Dynamic libraries:
0x00007ff605b90000 - 0x00007ff605b97000 	C:\Program Files\Java\jdk1.8.0_221\bin\javac.exe
0x00007ff8f5d20000 - 0x00007ff8f5f10000 	C:\WINDOWS\SYSTEM32\ntdll.dll
0x00007ff8f4980000 - 0x00007ff8f4a32000 	C:\WINDOWS\System32\KERNEL32.DLL
0x00007ff8f2f90000 - 0x00007ff8f3234000 	C:\WINDOWS\System32\KERNELBASE.dll
0x00007ff8e3d60000 - 0x00007ff8e3d8f000 	C:\Program Files\Java\jdk1.8.0_221\bin\jli.dll
0x00007ff8f59c0000 - 0x00007ff8f5a63000 	C:\WINDOWS\System32\ADVAPI32.dll
0x00007ff8f5020000 - 0x00007ff8f50be000 	C:\WINDOWS\System32\msvcrt.dll
0x0000000062eb0000 - 0x0000000062f82000 	C:\Program Files\Java\jdk1.8.0_221\bin\MSVCR100.dll
0x00007ff8f5aa0000 - 0x00007ff8f5b37000 	C:\WINDOWS\System32\sechost.dll
0x00007ff8f58a0000 - 0x00007ff8f59c0000 	C:\WINDOWS\System32\RPCRT4.dll
0x00007ff8f4600000 - 0x00007ff8f4794000 	C:\WINDOWS\System32\USER32.dll
0x00007ff8f2cd0000 - 0x00007ff8f2cf1000 	C:\WINDOWS\System32\win32u.dll
0x00007ff8e4390000 - 0x00007ff8e4614000 	C:\WINDOWS\WinSxS\amd64_microsoft.windows.common-controls_6595b64144ccf1df_6.0.18362.836_none_e6c4b943130f18ed\COMCTL32.dll
0x00007ff8f5a70000 - 0x00007ff8f5a96000 	C:\WINDOWS\System32\GDI32.dll
0x00007ff8f2d00000 - 0x00007ff8f2e94000 	C:\WINDOWS\System32\gdi32full.dll
0x00007ff8f4c60000 - 0x00007ff8f4f96000 	C:\WINDOWS\System32\combase.dll
0x00007ff8f2ea0000 - 0x00007ff8f2f3e000 	C:\WINDOWS\System32\msvcp_win.dll
0x00007ff8f3c20000 - 0x00007ff8f3d1a000 	C:\WINDOWS\System32\ucrtbase.dll
0x00007ff8f3b40000 - 0x00007ff8f3bc0000 	C:\WINDOWS\System32\bcryptPrimitives.dll
0x00007ff8f5ca0000 - 0x00007ff8f5cce000 	C:\WINDOWS\System32\IMM32.DLL
0x0000000062fc0000 - 0x0000000063092000 	C:\Program Files\Java\jdk1.8.0_221\jre\bin\msvcr100.dll
0x00000000630a0000 - 0x0000000063945000 	C:\Program Files\Java\jdk1.8.0_221\jre\bin\server\jvm.dll
0x00007ff8f5cd0000 - 0x00007ff8f5cd8000 	C:\WINDOWS\System32\PSAPI.DLL
0x00007ff8e9cf0000 - 0x00007ff8e9cf9000 	C:\WINDOWS\SYSTEM32\WSOCK32.dll
0x00007ff8f4b90000 - 0x00007ff8f4bff000 	C:\WINDOWS\System32\WS2_32.dll
0x00007ff8ef240000 - 0x00007ff8ef264000 	C:\WINDOWS\SYSTEM32\WINMM.dll
0x00007ff8eb200000 - 0x00007ff8eb20a000 	C:\WINDOWS\SYSTEM32\VERSION.dll
0x00007ff8ef1e0000 - 0x00007ff8ef20d000 	C:\WINDOWS\SYSTEM32\WINMMBASE.dll
0x00007ff8f2f40000 - 0x00007ff8f2f8a000 	C:\WINDOWS\System32\cfgmgr32.dll
0x00007ff8ef270000 - 0x00007ff8ef27f000 	C:\Program Files\Java\jdk1.8.0_221\jre\bin\verify.dll
0x00007ff8eceb0000 - 0x00007ff8eced9000 	C:\Program Files\Java\jdk1.8.0_221\jre\bin\java.dll
0x00007ff8eeed0000 - 0x00007ff8eeee6000 	C:\Program Files\Java\jdk1.8.0_221\jre\bin\zip.dll

VM Arguments:
jvm_args: -Dapplication.home=C:\Program Files\Java\jdk1.8.0_221 -Xms8m 
java_command: com.sun.tools.javac.Main -d C:\Users\User\Desktop\java_project\sold-phone\build\classes -classpath C:\Users\User\Desktop\java_project\sold-phone\build\classes;C:\Users\User\Desktop\java_project\sold-phone\src\lib\PlaceHolder.jar;C:\Users\User\Desktop\java_project\sold-phone\src\lib\RSButtonIconI.jar;C:\Users\User\Desktop\java_project\sold-phone\src\lib\RSTableMetro.jar;C:\Users\User\Desktop\java_project\sold-phone\src\lib\RojeruSan.lib.jar;C:\Users\User\Desktop\java_project\sold-phone\src\lib\RojeruSan.parte1.jar;C:\Users\User\Desktop\java_project\sold-phone\src\lib\jdatepicker-1.3.4.jar;C:\Program Files (x86)\NetBeans 8.2\java\modules\ext\AbsoluteLayout.jar;C:\Program Files (x86)\NetBeans 8.2\java\modules\ext\beansbinding-1.2.1.jar;C:\Users\User\Desktop\java_project\mysql-connector-java-8.0.20\mysql-connector-java-8.0.20.jar;C:\Users\User\Desktop\java_project\itextpdf-5.5.9.jar;C:\Users\User\Desktop\java_project\LGoodDatePicker-10.4.1.jar;C:\Users\User\Desktop\java_project\commons-codec-1.12.jar;C:\Users\User\Desktop\java_project\commons-collections4-4.3.jar;C:\Users\User\Desktop\java_project\poi-4.1.0.jar;C:\Users\User\Desktop\java_project\jcalendar-1.4.jar;C:\Users\User\Desktop\java_project\jcommon-1.0.24.jar;C:\Users\User\Desktop\java_project\jfreechart-1.5.0.jar -sourcepath C:\Users\User\Desktop\java_project\sold-phone\src -target 1.8 -encoding UTF-8 -g -processorpath C:\Users\User\Desktop\java_project\sold-phone\src\lib\PlaceHolder.jar;C:\Users\User\Desktop\java_project\sold-phone\src\lib\RSButtonIconI.jar;C:\Users\User\Desktop\java_project\sold-phone\src\lib\RSTableMetro.jar;C:\Users\User\Desktop\java_project\sold-phone\src\lib\RojeruSan.lib.jar;C:\Users\User\Desktop\java_project\sold-phone\src\lib\RojeruSan.parte1.jar;C:\Users\User\Desktop\java_project\sold-phone\src\lib\jdatepicker-1.3.4.jar;C:\Program Files (x86)\NetBeans 8.2\java\modules\ext\AbsoluteLayout.jar;C:\Program Files (x86)\NetBeans 8.2\java\modules\ext\beansbinding-1.2.1.jar;C:\U
java_class_path (initial): C:\Program Files\Java\jdk1.8.0_221/lib/tools.jar;C:\Program Files\Java\jdk1.8.0_221/classes
Launcher Type: SUN_STANDARD

Environment Variables:
JAVA_HOME=C:\Program Files (x86)\Java\jre1.8.0_211
PATH=C:\Program Files\Microsoft MPI\Bin\;C:\Program Files (x86)\Common Files\Oracle\Java\javapath;C:\Program Files\Java\jdk1.8.0_221\bin;C:\Program Files\Intel\WiFi\bin\;C:\Program Files\Common Files\Intel\WirelessCommon\;C:\Program Files\Git\cmd;C:\WINDOWS\system32;C:\WINDOWS;C:\WINDOWS\System32\Wbem;C:\WINDOWS\System32\WindowsPowerShell\v1.0\;C:\WINDOWS\System32\OpenSSH\;C:\Users\User\AppData\Local\Android\Sdk\platform-tools;C:\flutter\bin;C:\Program Files (x86)\Microsoft SQL Server\150\Tools\Binn\;C:\Program Files\Microsoft SQL Server\150\Tools\Binn\;C:\Program Files (x86)\Microsoft SQL Server\150\DTS\Binn\;C:\Program Files\Microsoft SQL Server\150\DTS\Binn\;C:\Program Files\Microsoft SQL Server\Client SDK\ODBC\170\Tools\Binn\;c:\Program Files (x86)\Intel\Intel(R) Management Engine Components\DAL;c:\Program Files\Intel\Intel(R) Management Engine Components\DAL;C:\Program Files\MySQL\MySQL Shell 8.0\bin\;C:\Program Files\Java\jdk-12.0.2\bin;C:\Users\User\AppData\Local\Microsoft\WindowsApps
USERNAME=User
OS=Windows_NT
PROCESSOR_IDENTIFIER=Intel64 Family 6 Model 78 Stepping 3, GenuineIntel



---------------  S Y S T E M  ---------------

OS: Windows 10.0 , 64 bit Build 18362 (10.0.18362.778)

CPU:total 4 (initial active 4) (2 cores per cpu, 2 threads per core) family 6 model 78 stepping 3, cmov, cx8, fxsr, mmx, sse, sse2, sse3, ssse3, sse4.1, sse4.2, popcnt, avx, avx2, aes, clmul, erms, 3dnowpref, lzcnt, ht, tsc, tscinvbit, bmi1, bmi2, adx

Memory: 4k page, physical 8268960k(1671164k free), swap 10715460k(5176k free)

vm_info: Java HotSpot(TM) 64-Bit Server VM (25.221-b11) for windows-amd64 JRE (1.8.0_221-b11), built on Jul  4 2019 04:39:29 by "java_re" with MS VC++ 10.0 (VS2010)

time: Sat May 30 23:11:06 2020
timezone: SE Asia Standard Time
elapsed time: 0 seconds (0d 0h 0m 0s)

